This is e-pTeX, Version 3.14159265-p3.7.1-161114-2.6 (utf8.euc) (TeX Live 2016/Debian) (preloaded format=platex 2017.9.28)  7 SEP 2018 22:10
entering extended mode
 restricted \write18 enabled.
 %&-line parsing enabled.
**fujitsuka_sita.tex
(./fujitsuka_sita.tex
pLaTeX2e <2016/11/29> (based on LaTeX2e <2017/01/01> patch level 3)
Babel <3.9r> and hyphenation patterns for 12 language(s) loaded.
(/usr/share/texlive/texmf-dist/tex/platex/base/jarticle.cls
Document Class: jarticle 2016/11/22 v1.7b Standard pLaTeX class
\c@@paper=\count82
(/usr/share/texlive/texmf-dist/tex/platex/base/jsize10.clo
File: jsize10.clo 2016/11/22 v1.7b Standard pLaTeX file (size option)
)
\c@part=\count83
\c@section=\count84
\c@subsection=\count85
\c@subsubsection=\count86
\c@paragraph=\count87
\c@subparagraph=\count88
\c@figure=\count89
\c@table=\count90
\abovecaptionskip=\skip41
\belowcaptionskip=\skip42
\symmincho=\mathgroup4
LaTeX Font Info:    Overwriting symbol font `mincho' in version `bold'
(Font)                  JY1/mc/m/n --> JY1/gt/m/n on input line 579.
\toclineskip=\dimen118
\@lnumwidth=\dimen119
\bibindent=\dimen120
\heisei=\count91
) (./sita2018.sty
sita2018.sty: SITA2018 manuscript, Jun. 29, 2018
) (/usr/share/texlive/texmf-dist/tex/latex/amsmath/amsmath.sty
Package: amsmath 2016/11/05 v2.16a AMS math features
\@mathmargin=\skip43

For additional information on amsmath, use the `?' option.
(/usr/share/texlive/texmf-dist/tex/latex/amsmath/amstext.sty
Package: amstext 2000/06/29 v2.01 AMS text

(/usr/share/texlive/texmf-dist/tex/latex/amsmath/amsgen.sty
File: amsgen.sty 1999/11/30 v2.0 generic functions
\@emptytoks=\toks15
\ex@=\dimen121
))
(/usr/share/texlive/texmf-dist/tex/latex/amsmath/amsbsy.sty
Package: amsbsy 1999/11/29 v1.2d Bold Symbols
\pmbraise@=\dimen122
)
(/usr/share/texlive/texmf-dist/tex/latex/amsmath/amsopn.sty
Package: amsopn 2016/03/08 v2.02 operator names
)
\inf@bad=\count92
LaTeX Info: Redefining \frac on input line 213.
\uproot@=\count93
\leftroot@=\count94
LaTeX Info: Redefining \overline on input line 375.
\classnum@=\count95
\DOTSCASE@=\count96
LaTeX Info: Redefining \ldots on input line 472.
LaTeX Info: Redefining \dots on input line 475.
LaTeX Info: Redefining \cdots on input line 596.
\Mathstrutbox@=\box41
\strutbox@=\box42
\big@size=\dimen123
LaTeX Font Info:    Redeclaring font encoding OML on input line 712.
LaTeX Font Info:    Redeclaring font encoding OMS on input line 713.
\macc@depth=\count97
\c@MaxMatrixCols=\count98
\dotsspace@=\muskip10
\c@parentequation=\count99
\dspbrk@lvl=\count100
\tag@help=\toks16
\row@=\count101
\column@=\count102
\maxfields@=\count103
\andhelp@=\toks17
\eqnshift@=\dimen124
\alignsep@=\dimen125
\tagshift@=\dimen126
\tagwidth@=\dimen127
\totwidth@=\dimen128
\lineht@=\dimen129
\@envbody=\toks18
\multlinegap=\skip44
\multlinetaggap=\skip45
\mathdisplay@stack=\toks19
LaTeX Info: Redefining \[ on input line 2817.
LaTeX Info: Redefining \] on input line 2818.
)
(/usr/share/texlive/texmf-dist/tex/latex/amsfonts/amssymb.sty
Package: amssymb 2013/01/14 v3.01 AMS font symbols

(/usr/share/texlive/texmf-dist/tex/latex/amsfonts/amsfonts.sty
Package: amsfonts 2013/01/14 v3.01 Basic AMSFonts support
\symAMSa=\mathgroup5
\symAMSb=\mathgroup6
LaTeX Font Info:    Overwriting math alphabet `\mathfrak' in version `bold'
(Font)                  U/euf/m/n --> U/euf/b/n on input line 106.
))
(/usr/share/texlive/texmf-dist/tex/latex/graphics/graphicx.sty
Package: graphicx 2014/10/28 v1.0g Enhanced LaTeX Graphics (DPC,SPQR)

(/usr/share/texlive/texmf-dist/tex/latex/graphics/keyval.sty
Package: keyval 2014/10/28 v1.15 key=value parser (DPC)
\KV@toks@=\toks20
)
(/usr/share/texlive/texmf-dist/tex/latex/graphics/graphics.sty
Package: graphics 2016/10/09 v1.0u Standard LaTeX Graphics (DPC,SPQR)

(/usr/share/texlive/texmf-dist/tex/latex/graphics/trig.sty
Package: trig 2016/01/03 v1.10 sin cos tan (DPC)
)
(/usr/share/texlive/texmf-dist/tex/latex/graphics-cfg/graphics.cfg
File: graphics.cfg 2016/06/04 v1.11 sample graphics configuration
)
Package graphics Info: Driver file: dvipdfmx.def on input line 99.

(/usr/share/texlive/texmf-dist/tex/latex/graphics-def/dvipdfmx.def
File: dvipdfmx.def 2016/07/11 v4.12 LaTeX color/graphics driver for dvipdfmx (L
3/ChoF)
))
\Gin@req@height=\dimen130
\Gin@req@width=\dimen131
)
(./fujitsuka_sita.aux)
\openout1 = `fujitsuka_sita.aux'.

LaTeX Font Info:    Checking defaults for OML/cmm/m/it on input line 47.
LaTeX Font Info:    ... okay on input line 47.
LaTeX Font Info:    Checking defaults for T1/cmr/m/n on input line 47.
LaTeX Font Info:    ... okay on input line 47.
LaTeX Font Info:    Checking defaults for OT1/cmr/m/n on input line 47.
LaTeX Font Info:    ... okay on input line 47.
LaTeX Font Info:    Checking defaults for OMS/cmsy/m/n on input line 47.
LaTeX Font Info:    ... okay on input line 47.
LaTeX Font Info:    Checking defaults for OMX/cmex/m/n on input line 47.
LaTeX Font Info:    ... okay on input line 47.
LaTeX Font Info:    Checking defaults for U/cmr/m/n on input line 47.
LaTeX Font Info:    ... okay on input line 47.
LaTeX Font Info:    Checking defaults for JY1/mc/m/n on input line 47.
LaTeX Font Info:    ... okay on input line 47.
LaTeX Font Info:    Checking defaults for JT1/mc/m/n on input line 47.
LaTeX Font Info:    ... okay on input line 47.
LaTeX Font Info:    Font shape `JT1/mc/bx/n' in size <14.4> not available
(Font)              Font shape `JT1/gt/m/n' tried instead on input line 48.
LaTeX Font Info:    Font shape `JY1/mc/bx/n' in size <14.4> not available
(Font)              Font shape `JY1/gt/m/n' tried instead on input line 48.
LaTeX Font Info:    Try loading font information for U+msa on input line 48.

(/usr/share/texlive/texmf-dist/tex/latex/amsfonts/umsa.fd
File: umsa.fd 2013/01/14 v3.01 AMS symbols A
)
LaTeX Font Info:    Try loading font information for U+msb on input line 48.

(/usr/share/texlive/texmf-dist/tex/latex/amsfonts/umsb.fd
File: umsb.fd 2013/01/14 v3.01 AMS symbols B
)
LaTeX Font Info:    Font shape `JT1/mc/bx/n' in size <9> not available
(Font)              Font shape `JT1/gt/m/n' tried instead on input line 48.
LaTeX Font Info:    Font shape `JY1/mc/bx/n' in size <9> not available
(Font)              Font shape `JY1/gt/m/n' tried instead on input line 48.
LaTeX Font Info:    Font shape `JT1/mc/bx/n' in size <12> not available
(Font)              Font shape `JT1/gt/m/n' tried instead on input line 50.
LaTeX Font Info:    Font shape `JY1/mc/bx/n' in size <12> not available
(Font)              Font shape `JY1/gt/m/n' tried instead on input line 50.

Overfull \hbox (17.90631pt too wide) in paragraph at lines 63--64
[]\OT1/cmr/m/n/10 (1) \JY1/mc/m/n/10 式を行列式で表すため ， $[] \OT1/cmr/m/n/1
0 = ([][]\OML/cmm/m/it/10 ; :::[][]\OT1/cmr/m/n/10 ) \OMS/cmsy/m/n/10 2 \U/msb/
m/n/10 C[]\OML/cmm/m/it/10 ; [] \OT1/cmr/m/n/10 =
 []


Overfull \hbox (5.97855pt too wide) in paragraph at lines 63--64
\OT1/cmr/m/n/10 ([][]\OML/cmm/m/it/10 ; :::[][]\OT1/cmr/m/n/10 ) \OMS/cmsy/m/n/
10 2 \U/msb/m/n/10 C[][] \OT1/cmr/m/n/10 = (\OML/cmm/m/it/10 H\OT1/cmr/m/n/10 [
1]\OML/cmm/m/it/10 ; ::; ; H\OT1/cmr/m/n/10 [\OML/cmm/m/it/10 L\OT1/cmr/m/n/10 
]) \OMS/cmsy/m/n/10 2 \U/msb/m/n/10 C[]\OT1/cmr/m/n/10 (\OML/cmm/m/it/10 K \OT1
/cmr/m/n/10 =
 []

[1



]
File: ./flow.eps Graphic file (type eps)
 <./flow.eps>
LaTeX Font Info:    Font shape `JT1/mc/bx/n' in size <10> not available
(Font)              Font shape `JT1/gt/m/n' tried instead on input line 107.
LaTeX Font Info:    Font shape `JY1/mc/bx/n' in size <10> not available
(Font)              Font shape `JY1/gt/m/n' tried instead on input line 107.

Overfull \hbox (14.32164pt too wide) in paragraph at lines 118--120
$\OML/cmm/m/it/10 z[]; ^^P[]$ \JY1/mc/m/n/10 はそれぞれ ， $\OML/cmm/m/it/10 z[
]\OT1/cmr/m/n/10 (\OMS/cmsy/m/n/10 C[]\OML/cmm/m/it/10 ; \OMS/cmsy/m/n/10 C[]\O
ML/cmm/m/it/10 ; \OMS/cmsy/m/n/10 D\OML/cmm/m/it/10 ; \OMS/cmsy/m/n/10 D\OML/cm
m/m/it/10 ; \OMS/cmsy/m/n/10 R[]\OML/cmm/m/it/10 ; \OMS/cmsy/m/n/10 R[]\OT1/cmr
/m/n/10 )\OML/cmm/m/it/10 ; ^^P[]\OT1/cmr/m/n/10 (\OMS/cmsy/m/n/10 C[]\OML/cmm/
m/it/10 ; \OMS/cmsy/m/n/10 D\OT1/cmr/m/n/10 )$
 []

[2]
Overfull \hbox (17.08958pt too wide) in paragraph at lines 139--142
$\OML/cmm/m/it/10 z[]; ^^P[]$ \JY1/mc/m/n/10 はそれぞれ ， $\OML/cmm/m/it/10 z[
]\OT1/cmr/m/n/10 (\OMS/cmsy/m/n/10 C[]\OML/cmm/m/it/10 ; \OMS/cmsy/m/n/10 C\OML
/cmm/m/it/10 ; \OMS/cmsy/m/n/10 D[]\OML/cmm/m/it/10 ; \OMS/cmsy/m/n/10 D[]\OML/
cmm/m/it/10 ; \OMS/cmsy/m/n/10 R[]\OML/cmm/m/it/10 ; \OMS/cmsy/m/n/10 R[]\OT1/c
mr/m/n/10 )\OML/cmm/m/it/10 ; ^^P[]\OT1/cmr/m/n/10 (\OMS/cmsy/m/n/10 C\OML/cmm/
m/it/10 ; \OMS/cmsy/m/n/10 D[]\OT1/cmr/m/n/10 )$
 []

File: ./system.png Graphic file (type bmp)
<./system.png> (./fujitsuka_sita.bbl

LaTeX Font Warning: Font shape `JT1/gt/m/it' undefined
(Font)              using `JT1/gt/m/n' instead on input line 9.


LaTeX Font Warning: Font shape `JY1/gt/m/it' undefined
(Font)              using `JY1/gt/m/n' instead on input line 9.

[3]
Missing character: There is no ^^e2 in font cmr10!
Missing character: There is no ^^80 in font cmr10!
Missing character: There is no ^^93 in font cmr10!
Missing character: There is no ^^c3 in font cmr10!
Missing character: There is no ^^a1 in font cmr10!

Underfull \hbox (badness 2012) in paragraph at lines 33--37
\OT1/cmr/m/n/10 re-moval for the gen-er-al-ized ap-prox-i-mate mes-
 []


Underfull \hbox (badness 2573) in paragraph at lines 33--37
\OT1/cmr/m/n/10 sage pass-ing al-go-rithm,'' \OT1/cmr/m/it/10 in Proc. IEEE Int
.
 []

) [4

] (./fujitsuka_sita.aux)

LaTeX Font Warning: Some font shapes were not available, defaults substituted.

 ) 
Here is how much of TeX's memory you used:
 1663 strings out of 494820
 19050 string characters out of 6178927
 85562 words of memory out of 5000000
 5110 multiletter control sequences out of 15000+600000
 21234 words of font info for 84 fonts, out of 8000000 for 9000
 264 hyphenation exceptions out of 8191
 27i,17n,26p,868b,317s stack positions out of 5000i,500n,10000p,200000b,80000s

Output written on fujitsuka_sita.dvi (4 pages, 30688 bytes).
